date: 2014-04-11 10:46:38.327
argv: node C:\Users\Administrator\AppData\Roaming\npm\node_modules\hexo\bin\hexo deploy
os: Windows_NT 6.1.7601 win32 ia32
version:
  hexo: 2.5.2
  http_parser: 1.0
  node: 0.10.21
  v8: 3.14.5.9
  ares: 1.9.0-DEV
  uv: 0.10.18
  zlib: 1.2.3
  modules: 11
  openssl: 1.0.1e
---

[debug] 10:46:38.219 Config file loaded
[debug] 10:46:38.222 Version info checked successfully
[debug] 10:46:38.260 Loading database.
[info] 10:46:38.301 Start deploying: github
[info] 10:46:38.307 Setting up GitHub deployment...
[error] 10:46:38.314 Error: spawn ENOENT
Error: spawn ENOENT
    at errnoException (child_process.js:980:11)
    at Process.ChildProcess._handle.onexit (child_process.js:771:34)
